2025-05-31 19:31:25,197 - INFO - === Data Summary ===
2025-05-31 19:31:25,198 - INFO - Equity Data Rows: 51524
2025-05-31 19:31:25,198 - INFO - Options Data Rows: 0
2025-05-31 19:31:25,198 - INFO - Date Range: 2025-03-03 09:00:00 to 2025-05-23 23:59:00
2025-05-31 19:31:25,198 - INFO - 
=== Strategy Details ===
2025-05-31 19:31:25,198 - INFO - No strategy details provided
2025-05-31 19:31:54,675 - INFO - 
=== Trade Executed ===
2025-05-31 19:31:54,676 - INFO - Date: 2025-03-04
2025-05-31 19:31:54,676 - INFO - Entry Time: 2025-03-04 14:30:00
2025-05-31 19:31:54,676 - INFO - Exit Time: 2025-03-04 14:31:00
2025-05-31 19:31:54,676 - INFO - Sell Strike: 584.0
2025-05-31 19:31:54,676 - INFO - Buy Strike: 589.0
2025-05-31 19:31:54,676 - INFO - Credit: $1.38
2025-05-31 19:31:54,677 - INFO - Exit P&L: $0.07
2025-05-31 19:31:54,677 - INFO - Total P&L: $11.50
2025-05-31 19:31:54,677 - INFO - ATM Strike: 590.0
2025-05-31 19:31:54,677 - INFO - IV: 0.5354
2025-05-31 19:31:54,677 - INFO - Sell Delta: 0.3317
2025-05-31 19:31:56,776 - INFO - 
=== Trade Executed ===
2025-05-31 19:31:56,777 - INFO - Date: 2025-03-28
2025-05-31 19:31:56,777 - INFO - Entry Time: 2025-03-28 13:30:00
2025-05-31 19:31:56,777 - INFO - Exit Time: 2025-03-28 14:44:00
2025-05-31 19:31:56,777 - INFO - Sell Strike: 572.0
2025-05-31 19:31:56,777 - INFO - Buy Strike: 577.0
2025-05-31 19:31:56,777 - INFO - Credit: $1.57
2025-05-31 19:31:56,777 - INFO - Exit P&L: $0.66
2025-05-31 19:31:56,777 - INFO - Total P&L: $129.50
2025-05-31 19:31:56,777 - INFO - ATM Strike: 565.0
2025-05-31 19:31:56,777 - INFO - IV: 0.2216
2025-05-31 19:31:56,777 - INFO - Sell Delta: 0.3420
2025-05-31 19:31:56,952 - INFO - 
=== Trade Executed ===
2025-05-31 19:31:56,952 - INFO - Date: 2025-03-31
2025-05-31 19:31:56,952 - INFO - Entry Time: 2025-03-31 13:30:00
2025-05-31 19:31:56,952 - INFO - Exit Time: 2025-03-31 14:32:00
2025-05-31 19:31:56,952 - INFO - Sell Strike: 555.0
2025-05-31 19:31:56,952 - INFO - Buy Strike: 560.0
2025-05-31 19:31:56,952 - INFO - Credit: $2.34
2025-05-31 19:31:56,952 - INFO - Exit P&L: $0.00
2025-05-31 19:31:56,952 - INFO - Total P&L: $-2.50
2025-05-31 19:31:56,952 - INFO - ATM Strike: 550.0
2025-05-31 19:31:56,952 - INFO - IV: 0.3504
2025-05-31 19:31:56,952 - INFO - Sell Delta: 0.3487
2025-05-31 19:31:57,129 - INFO - 
=== Trade Executed ===
2025-05-31 19:31:57,129 - INFO - Date: 2025-04-01
2025-05-31 19:31:57,129 - INFO - Entry Time: 2025-04-01 13:30:00
2025-05-31 19:31:57,129 - INFO - Exit Time: 2025-04-01 15:51:00
2025-05-31 19:31:57,129 - INFO - Sell Strike: 564.0
2025-05-31 19:31:57,129 - INFO - Buy Strike: 569.0
2025-05-31 19:31:57,129 - INFO - Credit: $1.19
2025-05-31 19:31:57,129 - INFO - Exit P&L: $-0.03
2025-05-31 19:31:57,129 - INFO - Total P&L: $-8.50
2025-05-31 19:31:57,129 - INFO - ATM Strike: 556.0
2025-05-31 19:31:57,129 - INFO - IV: 0.3708
2025-05-31 19:31:57,129 - INFO - Sell Delta: 0.3412
2025-05-31 19:31:57,340 - INFO - 
=== Trade Executed ===
2025-05-31 19:31:57,340 - INFO - Date: 2025-04-02
2025-05-31 19:31:57,340 - INFO - Entry Time: 2025-04-02 13:30:00
2025-05-31 19:31:57,340 - INFO - Exit Time: 2025-04-02 14:32:00
2025-05-31 19:31:57,340 - INFO - Sell Strike: 563.0
2025-05-31 19:31:57,340 - INFO - Buy Strike: 568.0
2025-05-31 19:31:57,340 - INFO - Credit: $2.70
2025-05-31 19:31:57,340 - INFO - Exit P&L: $-0.03
2025-05-31 19:31:57,340 - INFO - Total P&L: $-8.50
2025-05-31 19:31:57,340 - INFO - ATM Strike: 555.0
2025-05-31 19:31:57,340 - INFO - IV: 0.2932
2025-05-31 19:31:57,340 - INFO - Sell Delta: 0.3374
2025-05-31 19:31:57,511 - INFO - 
=== Trade Executed ===
2025-05-31 19:31:57,511 - INFO - Date: 2025-04-03
2025-05-31 19:31:57,511 - INFO - Entry Time: 2025-04-03 13:30:00
2025-05-31 19:31:57,511 - INFO - Exit Time: 2025-04-03 14:35:00
2025-05-31 19:31:57,511 - INFO - Sell Strike: 566.0
2025-05-31 19:31:57,511 - INFO - Buy Strike: 571.0
2025-05-31 19:31:57,511 - INFO - Credit: $0.59
2025-05-31 19:31:57,511 - INFO - Exit P&L: $0.17
2025-05-31 19:31:57,511 - INFO - Total P&L: $31.50
2025-05-31 19:31:57,511 - INFO - ATM Strike: 547.0
2025-05-31 19:31:57,511 - INFO - IV: 0.7287
2025-05-31 19:31:57,511 - INFO - Sell Delta: 0.3482
2025-05-31 19:31:57,678 - INFO - 
=== Trade Executed ===
2025-05-31 19:31:57,678 - INFO - Date: 2025-04-04
2025-05-31 19:31:57,679 - INFO - Entry Time: 2025-04-04 13:30:00
2025-05-31 19:31:57,679 - INFO - Exit Time: 2025-04-04 14:30:00
2025-05-31 19:31:57,679 - INFO - Sell Strike: 533.0
2025-05-31 19:31:57,679 - INFO - Buy Strike: 538.0
2025-05-31 19:31:57,679 - INFO - Credit: $1.06
2025-05-31 19:31:57,679 - INFO - Exit P&L: $1.10
2025-05-31 19:31:57,679 - INFO - Total P&L: $217.50
2025-05-31 19:31:57,679 - INFO - ATM Strike: 526.0
2025-05-31 19:31:57,679 - INFO - IV: 0.4391
2025-05-31 19:31:57,679 - INFO - Sell Delta: 0.3392
2025-05-31 19:31:59,043 - INFO - 
=== Trade Executed ===
2025-05-31 19:31:59,043 - INFO - Date: 2025-04-28
2025-05-31 19:31:59,043 - INFO - Entry Time: 2025-04-28 13:30:00
2025-05-31 19:31:59,043 - INFO - Exit Time: 2025-04-28 14:37:00
2025-05-31 19:31:59,043 - INFO - Sell Strike: 559.0
2025-05-31 19:31:59,043 - INFO - Buy Strike: 564.0
2025-05-31 19:31:59,043 - INFO - Credit: $1.65
2025-05-31 19:31:59,043 - INFO - Exit P&L: $0.17
2025-05-31 19:31:59,043 - INFO - Total P&L: $31.50
2025-05-31 19:31:59,043 - INFO - ATM Strike: 552.5
2025-05-31 19:31:59,043 - INFO - IV: 0.3141
2025-05-31 19:31:59,043 - INFO - Sell Delta: 0.3494
2025-05-31 19:31:59,177 - INFO - 
=== Trade Executed ===
2025-05-31 19:31:59,177 - INFO - Date: 2025-04-30
2025-05-31 19:31:59,177 - INFO - Entry Time: 2025-04-30 13:30:00
2025-05-31 19:31:59,177 - INFO - Exit Time: 2025-04-30 17:39:00
2025-05-31 19:31:59,177 - INFO - Sell Strike: 555.0
2025-05-31 19:31:59,177 - INFO - Buy Strike: 560.0
2025-05-31 19:31:59,177 - INFO - Credit: $0.76
2025-05-31 19:31:59,177 - INFO - Exit P&L: $-0.03
2025-05-31 19:31:59,177 - INFO - Total P&L: $-8.50
2025-05-31 19:31:59,177 - INFO - ATM Strike: 546.0
2025-05-31 19:31:59,177 - INFO - IV: 0.6411
2025-05-31 19:31:59,177 - INFO - Sell Delta: 0.3471
2025-05-31 19:31:59,308 - INFO - 
=== Trade Executed ===
2025-05-31 19:31:59,308 - INFO - Date: 2025-05-01
2025-05-31 19:31:59,309 - INFO - Entry Time: 2025-05-01 13:30:00
2025-05-31 19:31:59,309 - INFO - Exit Time: 2025-05-01 14:30:00
2025-05-31 19:31:59,309 - INFO - Sell Strike: 566.0
2025-05-31 19:31:59,309 - INFO - Buy Strike: 571.0
2025-05-31 19:31:59,309 - INFO - Credit: $2.09
2025-05-31 19:31:59,309 - INFO - Exit P&L: $-0.03
2025-05-31 19:31:59,309 - INFO - Total P&L: $-8.50
2025-05-31 19:31:59,309 - INFO - ATM Strike: 560.0
2025-05-31 19:31:59,309 - INFO - IV: 0.2496
2025-05-31 19:31:59,309 - INFO - Sell Delta: 0.3444
2025-05-31 19:31:59,431 - INFO - 
=== Trade Executed ===
2025-05-31 19:31:59,431 - INFO - Date: 2025-05-02
2025-05-31 19:31:59,431 - INFO - Entry Time: 2025-05-02 13:30:00
2025-05-31 19:31:59,431 - INFO - Exit Time: 2025-05-02 14:31:00
2025-05-31 19:31:59,431 - INFO - Sell Strike: 569.0
2025-05-31 19:31:59,431 - INFO - Buy Strike: 574.0
2025-05-31 19:31:59,431 - INFO - Credit: $1.15
2025-05-31 19:31:59,431 - INFO - Exit P&L: $-0.01
2025-05-31 19:31:59,431 - INFO - Total P&L: $-4.50
2025-05-31 19:31:59,431 - INFO - ATM Strike: 565.0
2025-05-31 19:31:59,431 - INFO - IV: 0.1934
2025-05-31 19:31:59,431 - INFO - Sell Delta: 0.3215
2025-05-31 19:32:01,051 - INFO - 
PDF report generated: logs/strategy_report_20250531_193125.pdf
2025-05-31 19:32:01,131 - INFO - Trade analysis plots saved in: logs/plots
